[DEBUG] MATCH Row 4: dDate Sun Dec 28 2025 is within 6 days of Sun Dec 28 2025 (Diff: 0)
[DEBUG] MATCH Row 4: dDate Mon Dec 29 2025 is within 6 days of Sun Dec 28 2025 (Diff: 1)
[DEBUG] MATCH Row 4: dDate Tue Dec 30 2025 is within 6 days of Sun Dec 28 2025 (Diff: 2)
[DEBUG] MATCH Row 4: dDate Wed Dec 31 2025 is within 6 days of Sun Dec 28 2025 (Diff: 3)
[DEBUG] Active Rows for Sun Dec 28 2025: 4
[DEBUG] MATCH Row 0: dDate Mon Dec 01 2025 is within 6 days of Sun Nov 30 2025 (Diff: 1)
[DEBUG] MATCH Row 0: dDate Tue Dec 02 2025 is within 6 days of Sun Nov 30 2025 (Diff: 2)
[DEBUG] MATCH Row 0: dDate Wed Dec 03 2025 is within 6 days of Sun Nov 30 2025 (Diff: 3)
[DEBUG] MATCH Row 0: dDate Thu Dec 04 2025 is within 6 days of Sun Nov 30 2025 (Diff: 4)
[DEBUG] MATCH Row 0: dDate Fri Dec 05 2025 is within 6 days of Sun Nov 30 2025 (Diff: 5)
[DEBUG] MATCH Row 0: dDate Sat Dec 06 2025 is within 6 days of Sun Nov 30 2025 (Diff: 6)
[DEBUG] Active Rows for Sun Nov 30 2025: 0
[DEBUG] MATCH Row 1: dDate Sun Dec 07 2025 is within 6 days of Sun Dec 07 2025 (Diff: 0)
[DEBUG] MATCH Row 1: dDate Mon Dec 08 2025 is within 6 days of Sun Dec 07 2025 (Diff: 1)
[DEBUG] MATCH Row 1: dDate Tue Dec 09 2025 is within 6 days of Sun Dec 07 2025 (Diff: 2)
[DEBUG] MATCH Row 1: dDate Wed Dec 10 2025 is within 6 days of Sun Dec 07 2025 (Diff: 3)
[DEBUG] MATCH Row 1: dDate Thu Dec 11 2025 is within 6 days of Sun Dec 07 2025 (Diff: 4)
[DEBUG] MATCH Row 1: dDate Fri Dec 12 2025 is within 6 days of Sun Dec 07 2025 (Diff: 5)
[DEBUG] MATCH Row 1: dDate Sat Dec 13 2025 is within 6 days of Sun Dec 07 2025 (Diff: 6)
[DEBUG] Active Rows for Sun Dec 07 2025: 1
[DEBUG] MATCH Row 2: dDate Sun Dec 14 2025 is within 6 days of Sun Dec 14 2025 (Diff: 0)
[DEBUG] MATCH Row 2: dDate Mon Dec 15 2025 is within 6 days of Sun Dec 14 2025 (Diff: 1)
[DEBUG] MATCH Row 2: dDate Tue Dec 16 2025 is within 6 days of Sun Dec 14 2025 (Diff: 2)
[DEBUG] MATCH Row 2: dDate Wed Dec 17 2025 is within 6 days of Sun Dec 14 2025 (Diff: 3)
[DEBUG] MATCH Row 2: dDate Thu Dec 18 2025 is within 6 days of Sun Dec 14 2025 (Diff: 4)
[DEBUG] MATCH Row 2: dDate Fri Dec 19 2025 is within 6 days of Sun Dec 14 2025 (Diff: 5)
[DEBUG] MATCH Row 2: dDate Sat Dec 20 2025 is within 6 days of Sun Dec 14 2025 (Diff: 6)
[DEBUG] Active Rows for Sun Dec 14 2025: 2
[DEBUG] MATCH Row 3: dDate Sun Dec 21 2025 is within 6 days of Sun Dec 21 2025 (Diff: 0)
[DEBUG] MATCH Row 3: dDate Mon Dec 22 2025 is within 6 days of Sun Dec 21 2025 (Diff: 1)
[DEBUG] MATCH Row 3: dDate Tue Dec 23 2025 is within 6 days of Sun Dec 21 2025 (Diff: 2)
[DEBUG] MATCH Row 3: dDate Wed Dec 24 2025 is within 6 days of Sun Dec 21 2025 (Diff: 3)
[DEBUG] MATCH Row 3: dDate Thu Dec 25 2025 is within 6 days of Sun Dec 21 2025 (Diff: 4)
[DEBUG] MATCH Row 3: dDate Fri Dec 26 2025 is within 6 days of Sun Dec 21 2025 (Diff: 5)
[DEBUG] MATCH Row 3: dDate Sat Dec 27 2025 is within 6 days of Sun Dec 21 2025 (Diff: 6)
[DEBUG] Active Rows for Sun Dec 21 2025: 3
[DEBUG] MATCH Row 4: dDate Sun Dec 28 2025 is within 6 days of Sun Dec 28 2025 (Diff: 0)
[DEBUG] MATCH Row 4: dDate Mon Dec 29 2025 is within 6 days of Sun Dec 28 2025 (Diff: 1)
[DEBUG] MATCH Row 4: dDate Tue Dec 30 2025 is within 6 days of Sun Dec 28 2025 (Diff: 2)
[DEBUG] MATCH Row 4: dDate Wed Dec 31 2025 is within 6 days of Sun Dec 28 2025 (Diff: 3)
[DEBUG] Active Rows for Sun Dec 28 2025: 4
[DEBUG] MATCH Row 4: dDate Sun Dec 28 2025 is within 6 days of Sun Dec 28 2025 (Diff: 0)
[DEBUG] MATCH Row 4: dDate Mon Dec 29 2025 is within 6 days of Sun Dec 28 2025 (Diff: 1)
[DEBUG] MATCH Row 4: dDate Tue Dec 30 2025 is within 6 days of Sun Dec 28 2025 (Diff: 2)
[DEBUG] MATCH Row 4: dDate Wed Dec 31 2025 is within 6 days of Sun Dec 28 2025 (Diff: 3)
[DEBUG] Active Rows for Sun Dec 28 2025: 4
[DEBUG] MATCH Row 1: dDate Sun Jan 04 2026 is within 6 days of Sun Jan 04 2026 (Diff: 0)
[DEBUG] MATCH Row 1: dDate Mon Jan 05 2026 is within 6 days of Sun Jan 04 2026 (Diff: 1)
[DEBUG] MATCH Row 1: dDate Tue Jan 06 2026 is within 6 days of Sun Jan 04 2026 (Diff: 2)
[DEBUG] MATCH Row 1: dDate Wed Jan 07 2026 is within 6 days of Sun Jan 04 2026 (Diff: 3)
[DEBUG] MATCH Row 1: dDate Thu Jan 08 2026 is within 6 days of Sun Jan 04 2026 (Diff: 4)
[DEBUG] MATCH Row 1: dDate Fri Jan 09 2026 is within 6 days of Sun Jan 04 2026 (Diff: 5)
[DEBUG] MATCH Row 1: dDate Sat Jan 10 2026 is within 6 days of Sun Jan 04 2026 (Diff: 6)
[DEBUG] Active Rows for Sun Jan 04 2026: 1
[DEBUG] MATCH Row 2: dDate Sun Jan 11 2026 is within 6 days of Sun Jan 11 2026 (Diff: 0)
[DEBUG] MATCH Row 2: dDate Mon Jan 12 2026 is within 6 days of Sun Jan 11 2026 (Diff: 1)
[DEBUG] MATCH Row 2: dDate Tue Jan 13 2026 is within 6 days of Sun Jan 11 2026 (Diff: 2)
[DEBUG] MATCH Row 2: dDate Wed Jan 14 2026 is within 6 days of Sun Jan 11 2026 (Diff: 3)
[DEBUG] MATCH Row 2: dDate Thu Jan 15 2026 is within 6 days of Sun Jan 11 2026 (Diff: 4)
[DEBUG] MATCH Row 2: dDate Fri Jan 16 2026 is within 6 days of Sun Jan 11 2026 (Diff: 5)
[DEBUG] MATCH Row 2: dDate Sat Jan 17 2026 is within 6 days of Sun Jan 11 2026 (Diff: 6)
[DEBUG] Active Rows for Sun Jan 11 2026: 2
[DEBUG] MATCH Row 3: dDate Sun Jan 18 2026 is within 6 days of Sun Jan 18 2026 (Diff: 0)
[DEBUG] MATCH Row 3: dDate Mon Jan 19 2026 is within 6 days of Sun Jan 18 2026 (Diff: 1)
[DEBUG] MATCH Row 3: dDate Tue Jan 20 2026 is within 6 days of Sun Jan 18 2026 (Diff: 2)
[DEBUG] MATCH Row 3: dDate Wed Jan 21 2026 is within 6 days of Sun Jan 18 2026 (Diff: 3)
[DEBUG] MATCH Row 3: dDate Thu Jan 22 2026 is within 6 days of Sun Jan 18 2026 (Diff: 4)
[DEBUG] MATCH Row 3: dDate Fri Jan 23 2026 is within 6 days of Sun Jan 18 2026 (Diff: 5)
[DEBUG] MATCH Row 3: dDate Sat Jan 24 2026 is within 6 days of Sun Jan 18 2026 (Diff: 6)
[DEBUG] Active Rows for Sun Jan 18 2026: 3
[DEBUG] MATCH Row 4: dDate Sun Jan 25 2026 is within 6 days of Sun Jan 25 2026 (Diff: 0)
[DEBUG] MATCH Row 4: dDate Mon Jan 26 2026 is within 6 days of Sun Jan 25 2026 (Diff: 1)
[DEBUG] MATCH Row 4: dDate Tue Jan 27 2026 is within 6 days of Sun Jan 25 2026 (Diff: 2)
[DEBUG] MATCH Row 4: dDate Wed Jan 28 2026 is within 6 days of Sun Jan 25 2026 (Diff: 3)
[DEBUG] MATCH Row 4: dDate Thu Jan 29 2026 is within 6 days of Sun Jan 25 2026 (Diff: 4)
[DEBUG] MATCH Row 4: dDate Fri Jan 30 2026 is within 6 days of Sun Jan 25 2026 (Diff: 5)
[DEBUG] MATCH Row 4: dDate Sat Jan 31 2026 is within 6 days of Sun Jan 25 2026 (Diff: 6)
[DEBUG] Active Rows for Sun Jan 25 2026: 4
[DEBUG] MATCH Row 0: dDate Sun Feb 01 2026 is within 6 days of Sun Feb 01 2026 (Diff: 0)
[DEBUG] MATCH Row 0: dDate Mon Feb 02 2026 is within 6 days of Sun Feb 01 2026 (Diff: 1)
[DEBUG] MATCH Row 0: dDate Tue Feb 03 2026 is within 6 days of Sun Feb 01 2026 (Diff: 2)
[DEBUG] MATCH Row 0: dDate Wed Feb 04 2026 is within 6 days of Sun Feb 01 2026 (Diff: 3)
[DEBUG] MATCH Row 0: dDate Thu Feb 05 2026 is within 6 days of Sun Feb 01 2026 (Diff: 4)
[DEBUG] MATCH Row 0: dDate Fri Feb 06 2026 is within 6 days of Sun Feb 01 2026 (Diff: 5)
[DEBUG] MATCH Row 0: dDate Sat Feb 07 2026 is within 6 days of Sun Feb 01 2026 (Diff: 6)
[DEBUG] Active Rows for Sun Feb 01 2026: 0
[DEBUG] MATCH Row 1: dDate Sun Feb 08 2026 is within 6 days of Sun Feb 08 2026 (Diff: 0)
[DEBUG] MATCH Row 1: dDate Mon Feb 09 2026 is within 6 days of Sun Feb 08 2026 (Diff: 1)
[DEBUG] MATCH Row 1: dDate Tue Feb 10 2026 is within 6 days of Sun Feb 08 2026 (Diff: 2)
[DEBUG] MATCH Row 1: dDate Wed Feb 11 2026 is within 6 days of Sun Feb 08 2026 (Diff: 3)
[DEBUG] MATCH Row 1: dDate Thu Feb 12 2026 is within 6 days of Sun Feb 08 2026 (Diff: 4)
[DEBUG] MATCH Row 1: dDate Fri Feb 13 2026 is within 6 days of Sun Feb 08 2026 (Diff: 5)
[DEBUG] MATCH Row 1: dDate Sat Feb 14 2026 is within 6 days of Sun Feb 08 2026 (Diff: 6)
[DEBUG] Active Rows for Sun Feb 08 2026: 1
[DEBUG] MATCH Row 2: dDate Sun Feb 15 2026 is within 6 days of Sun Feb 15 2026 (Diff: 0)
[DEBUG] MATCH Row 2: dDate Mon Feb 16 2026 is within 6 days of Sun Feb 15 2026 (Diff: 1)
[DEBUG] MATCH Row 2: dDate Tue Feb 17 2026 is within 6 days of Sun Feb 15 2026 (Diff: 2)
[DEBUG] MATCH Row 2: dDate Wed Feb 18 2026 is within 6 days of Sun Feb 15 2026 (Diff: 3)
[DEBUG] MATCH Row 2: dDate Thu Feb 19 2026 is within 6 days of Sun Feb 15 2026 (Diff: 4)
[DEBUG] MATCH Row 2: dDate Fri Feb 20 2026 is within 6 days of Sun Feb 15 2026 (Diff: 5)
[DEBUG] MATCH Row 2: dDate Sat Feb 21 2026 is within 6 days of Sun Feb 15 2026 (Diff: 6)
[DEBUG] Active Rows for Sun Feb 15 2026: 2
[DEBUG] MATCH Row 3: dDate Sun Feb 22 2026 is within 6 days of Sun Feb 22 2026 (Diff: 0)
[DEBUG] MATCH Row 3: dDate Mon Feb 23 2026 is within 6 days of Sun Feb 22 2026 (Diff: 1)
[DEBUG] MATCH Row 3: dDate Tue Feb 24 2026 is within 6 days of Sun Feb 22 2026 (Diff: 2)
[DEBUG] MATCH Row 3: dDate Wed Feb 25 2026 is within 6 days of Sun Feb 22 2026 (Diff: 3)
[DEBUG] MATCH Row 3: dDate Thu Feb 26 2026 is within 6 days of Sun Feb 22 2026 (Diff: 4)
[DEBUG] MATCH Row 3: dDate Fri Feb 27 2026 is within 6 days of Sun Feb 22 2026 (Diff: 5)
[DEBUG] MATCH Row 3: dDate Sat Feb 28 2026 is within 6 days of Sun Feb 22 2026 (Diff: 6)
[DEBUG] Active Rows for Sun Feb 22 2026: 3
[DEBUG] MATCH Row 0: dDate Sun Mar 01 2026 is within 6 days of Sun Mar 01 2026 (Diff: 0)
[DEBUG] MATCH Row 0: dDate Mon Mar 02 2026 is within 6 days of Sun Mar 01 2026 (Diff: 1)
[DEBUG] MATCH Row 0: dDate Tue Mar 03 2026 is within 6 days of Sun Mar 01 2026 (Diff: 2)
[DEBUG] MATCH Row 0: dDate Wed Mar 04 2026 is within 6 days of Sun Mar 01 2026 (Diff: 3)
[DEBUG] MATCH Row 0: dDate Thu Mar 05 2026 is within 6 days of Sun Mar 01 2026 (Diff: 4)
[DEBUG] MATCH Row 0: dDate Fri Mar 06 2026 is within 6 days of Sun Mar 01 2026 (Diff: 5)
[DEBUG] MATCH Row 0: dDate Sat Mar 07 2026 is within 6 days of Sun Mar 01 2026 (Diff: 6)
[DEBUG] Active Rows for Sun Mar 01 2026: 0
[DEBUG] MATCH Row 1: dDate Sun Mar 08 2026 is within 6 days of Sun Mar 08 2026 (Diff: 0)
[DEBUG] MATCH Row 1: dDate Mon Mar 09 2026 is within 6 days of Sun Mar 08 2026 (Diff: 1)
[DEBUG] MATCH Row 1: dDate Tue Mar 10 2026 is within 6 days of Sun Mar 08 2026 (Diff: 2)
[DEBUG] MATCH Row 1: dDate Wed Mar 11 2026 is within 6 days of Sun Mar 08 2026 (Diff: 3)
[DEBUG] MATCH Row 1: dDate Thu Mar 12 2026 is within 6 days of Sun Mar 08 2026 (Diff: 4)
[DEBUG] MATCH Row 1: dDate Fri Mar 13 2026 is within 6 days of Sun Mar 08 2026 (Diff: 5)
[DEBUG] MATCH Row 1: dDate Sat Mar 14 2026 is within 6 days of Sun Mar 08 2026 (Diff: 6)
[DEBUG] Active Rows for Sun Mar 08 2026: 1
[DEBUG] MATCH Row 2: dDate Sun Mar 15 2026 is within 6 days of Sun Mar 15 2026 (Diff: 0)
[DEBUG] MATCH Row 2: dDate Mon Mar 16 2026 is within 6 days of Sun Mar 15 2026 (Diff: 1)
[DEBUG] MATCH Row 2: dDate Tue Mar 17 2026 is within 6 days of Sun Mar 15 2026 (Diff: 2)
[DEBUG] MATCH Row 2: dDate Wed Mar 18 2026 is within 6 days of Sun Mar 15 2026 (Diff: 3)
[DEBUG] MATCH Row 2: dDate Thu Mar 19 2026 is within 6 days of Sun Mar 15 2026 (Diff: 4)
[DEBUG] MATCH Row 2: dDate Fri Mar 20 2026 is within 6 days of Sun Mar 15 2026 (Diff: 5)
[DEBUG] MATCH Row 2: dDate Sat Mar 21 2026 is within 6 days of Sun Mar 15 2026 (Diff: 6)
[DEBUG] Active Rows for Sun Mar 15 2026: 2
[DEBUG] MATCH Row 3: dDate Sun Mar 22 2026 is within 6 days of Sun Mar 22 2026 (Diff: 0)
[DEBUG] MATCH Row 3: dDate Mon Mar 23 2026 is within 6 days of Sun Mar 22 2026 (Diff: 1)
[DEBUG] MATCH Row 3: dDate Tue Mar 24 2026 is within 6 days of Sun Mar 22 2026 (Diff: 2)
[DEBUG] MATCH Row 3: dDate Wed Mar 25 2026 is within 6 days of Sun Mar 22 2026 (Diff: 3)
[DEBUG] MATCH Row 3: dDate Thu Mar 26 2026 is within 6 days of Sun Mar 22 2026 (Diff: 4)
[DEBUG] MATCH Row 3: dDate Fri Mar 27 2026 is within 6 days of Sun Mar 22 2026 (Diff: 5)
[DEBUG] MATCH Row 3: dDate Sat Mar 28 2026 is within 6 days of Sun Mar 22 2026 (Diff: 6)
[DEBUG] Active Rows for Sun Mar 22 2026: 3
[DEBUG] MATCH Row 0: dDate Wed Apr 01 2026 is within 6 days of Sun Mar 29 2026 (Diff: 3)
[DEBUG] MATCH Row 0: dDate Thu Apr 02 2026 is within 6 days of Sun Mar 29 2026 (Diff: 4)
[DEBUG] MATCH Row 0: dDate Fri Apr 03 2026 is within 6 days of Sun Mar 29 2026 (Diff: 5)
[DEBUG] MATCH Row 0: dDate Sat Apr 04 2026 is within 6 days of Sun Mar 29 2026 (Diff: 6)
[DEBUG] Active Rows for Sun Mar 29 2026: 0
[DEBUG] MATCH Row 1: dDate Sun Apr 05 2026 is within 6 days of Sun Apr 05 2026 (Diff: 0)
[DEBUG] MATCH Row 1: dDate Mon Apr 06 2026 is within 6 days of Sun Apr 05 2026 (Diff: 1)
[DEBUG] MATCH Row 1: dDate Tue Apr 07 2026 is within 6 days of Sun Apr 05 2026 (Diff: 2)
[DEBUG] MATCH Row 1: dDate Wed Apr 08 2026 is within 6 days of Sun Apr 05 2026 (Diff: 3)
[DEBUG] MATCH Row 1: dDate Thu Apr 09 2026 is within 6 days of Sun Apr 05 2026 (Diff: 4)
[DEBUG] MATCH Row 1: dDate Fri Apr 10 2026 is within 6 days of Sun Apr 05 2026 (Diff: 5)
[DEBUG] MATCH Row 1: dDate Sat Apr 11 2026 is within 6 days of Sun Apr 05 2026 (Diff: 6)
[DEBUG] Active Rows for Sun Apr 05 2026: 1
[DEBUG] MATCH Row 2: dDate Sun Apr 12 2026 is within 6 days of Sun Apr 12 2026 (Diff: 0)
[DEBUG] MATCH Row 2: dDate Mon Apr 13 2026 is within 6 days of Sun Apr 12 2026 (Diff: 1)
[DEBUG] MATCH Row 2: dDate Tue Apr 14 2026 is within 6 days of Sun Apr 12 2026 (Diff: 2)
[DEBUG] MATCH Row 2: dDate Wed Apr 15 2026 is within 6 days of Sun Apr 12 2026 (Diff: 3)
[DEBUG] MATCH Row 2: dDate Thu Apr 16 2026 is within 6 days of Sun Apr 12 2026 (Diff: 4)
[DEBUG] MATCH Row 2: dDate Fri Apr 17 2026 is within 6 days of Sun Apr 12 2026 (Diff: 5)
[DEBUG] MATCH Row 2: dDate Sat Apr 18 2026 is within 6 days of Sun Apr 12 2026 (Diff: 6)
[DEBUG] Active Rows for Sun Apr 12 2026: 2
[DEBUG] MATCH Row 3: dDate Sun Apr 19 2026 is within 6 days of Sun Apr 19 2026 (Diff: 0)
[DEBUG] MATCH Row 3: dDate Mon Apr 20 2026 is within 6 days of Sun Apr 19 2026 (Diff: 1)
[DEBUG] MATCH Row 3: dDate Tue Apr 21 2026 is within 6 days of Sun Apr 19 2026 (Diff: 2)
[DEBUG] MATCH Row 3: dDate Wed Apr 22 2026 is within 6 days of Sun Apr 19 2026 (Diff: 3)
[DEBUG] MATCH Row 3: dDate Thu Apr 23 2026 is within 6 days of Sun Apr 19 2026 (Diff: 4)
[DEBUG] MATCH Row 3: dDate Fri Apr 24 2026 is within 6 days of Sun Apr 19 2026 (Diff: 5)
[DEBUG] MATCH Row 3: dDate Sat Apr 25 2026 is within 6 days of Sun Apr 19 2026 (Diff: 6)
[DEBUG] Active Rows for Sun Apr 19 2026: 3
[DEBUG] MATCH Row 4: dDate Sun Apr 26 2026 is within 6 days of Sun Apr 26 2026 (Diff: 0)
[DEBUG] MATCH Row 4: dDate Mon Apr 27 2026 is within 6 days of Sun Apr 26 2026 (Diff: 1)
[DEBUG] MATCH Row 4: dDate Tue Apr 28 2026 is within 6 days of Sun Apr 26 2026 (Diff: 2)
[DEBUG] MATCH Row 4: dDate Wed Apr 29 2026 is within 6 days of Sun Apr 26 2026 (Diff: 3)
[DEBUG] MATCH Row 4: dDate Thu Apr 30 2026 is within 6 days of Sun Apr 26 2026 (Diff: 4)
[DEBUG] Active Rows for Sun Apr 26 2026: 4
[DEBUG] MATCH Row 1: dDate Sun May 03 2026 is within 6 days of Sun May 03 2026 (Diff: 0)
[DEBUG] MATCH Row 1: dDate Mon May 04 2026 is within 6 days of Sun May 03 2026 (Diff: 1)
[DEBUG] MATCH Row 1: dDate Tue May 05 2026 is within 6 days of Sun May 03 2026 (Diff: 2)
[DEBUG] MATCH Row 1: dDate Wed May 06 2026 is within 6 days of Sun May 03 2026 (Diff: 3)
[DEBUG] MATCH Row 1: dDate Thu May 07 2026 is within 6 days of Sun May 03 2026 (Diff: 4)
[DEBUG] MATCH Row 1: dDate Fri May 08 2026 is within 6 days of Sun May 03 2026 (Diff: 5)
[DEBUG] MATCH Row 1: dDate Sat May 09 2026 is within 6 days of Sun May 03 2026 (Diff: 6)
[DEBUG] Active Rows for Sun May 03 2026: 1
[DEBUG] MATCH Row 2: dDate Sun May 10 2026 is within 6 days of Sun May 10 2026 (Diff: 0)
[DEBUG] MATCH Row 2: dDate Mon May 11 2026 is within 6 days of Sun May 10 2026 (Diff: 1)
[DEBUG] MATCH Row 2: dDate Tue May 12 2026 is within 6 days of Sun May 10 2026 (Diff: 2)
[DEBUG] MATCH Row 2: dDate Wed May 13 2026 is within 6 days of Sun May 10 2026 (Diff: 3)
[DEBUG] MATCH Row 2: dDate Thu May 14 2026 is within 6 days of Sun May 10 2026 (Diff: 4)
[DEBUG] MATCH Row 2: dDate Fri May 15 2026 is within 6 days of Sun May 10 2026 (Diff: 5)
[DEBUG] MATCH Row 2: dDate Sat May 16 2026 is within 6 days of Sun May 10 2026 (Diff: 6)
[DEBUG] Active Rows for Sun May 10 2026: 2
[DEBUG] MATCH Row 3: dDate Sun May 17 2026 is within 6 days of Sun May 17 2026 (Diff: 0)
[DEBUG] MATCH Row 3: dDate Mon May 18 2026 is within 6 days of Sun May 17 2026 (Diff: 1)
[DEBUG] MATCH Row 3: dDate Tue May 19 2026 is within 6 days of Sun May 17 2026 (Diff: 2)
[DEBUG] MATCH Row 3: dDate Wed May 20 2026 is within 6 days of Sun May 17 2026 (Diff: 3)
[DEBUG] MATCH Row 3: dDate Thu May 21 2026 is within 6 days of Sun May 17 2026 (Diff: 4)
[DEBUG] MATCH Row 3: dDate Fri May 22 2026 is within 6 days of Sun May 17 2026 (Diff: 5)
[DEBUG] MATCH Row 3: dDate Sat May 23 2026 is within 6 days of Sun May 17 2026 (Diff: 6)
[DEBUG] Active Rows for Sun May 17 2026: 3
[DEBUG] MATCH Row 4: dDate Sun May 24 2026 is within 6 days of Sun May 24 2026 (Diff: 0)
[DEBUG] MATCH Row 4: dDate Mon May 25 2026 is within 6 days of Sun May 24 2026 (Diff: 1)
[DEBUG] MATCH Row 4: dDate Tue May 26 2026 is within 6 days of Sun May 24 2026 (Diff: 2)
[DEBUG] MATCH Row 4: dDate Wed May 27 2026 is within 6 days of Sun May 24 2026 (Diff: 3)
[DEBUG] MATCH Row 4: dDate Thu May 28 2026 is within 6 days of Sun May 24 2026 (Diff: 4)
[DEBUG] MATCH Row 4: dDate Fri May 29 2026 is within 6 days of Sun May 24 2026 (Diff: 5)
[DEBUG] MATCH Row 4: dDate Sat May 30 2026 is within 6 days of Sun May 24 2026 (Diff: 6)
[DEBUG] Active Rows for Sun May 24 2026: 4
[DEBUG] MATCH Row 0: dDate Mon Jun 01 2026 is within 6 days of Sun May 31 2026 (Diff: 1)
[DEBUG] MATCH Row 0: dDate Tue Jun 02 2026 is within 6 days of Sun May 31 2026 (Diff: 2)
[DEBUG] MATCH Row 0: dDate Wed Jun 03 2026 is within 6 days of Sun May 31 2026 (Diff: 3)
[DEBUG] MATCH Row 0: dDate Thu Jun 04 2026 is within 6 days of Sun May 31 2026 (Diff: 4)
[DEBUG] MATCH Row 0: dDate Fri Jun 05 2026 is within 6 days of Sun May 31 2026 (Diff: 5)
[DEBUG] MATCH Row 0: dDate Sat Jun 06 2026 is within 6 days of Sun May 31 2026 (Diff: 6)
[DEBUG] Active Rows for Sun May 31 2026: 0
[DEBUG] MATCH Row 1: dDate Sun Jun 07 2026 is within 6 days of Sun Jun 07 2026 (Diff: 0)
[DEBUG] MATCH Row 1: dDate Mon Jun 08 2026 is within 6 days of Sun Jun 07 2026 (Diff: 1)
[DEBUG] MATCH Row 1: dDate Tue Jun 09 2026 is within 6 days of Sun Jun 07 2026 (Diff: 2)
[DEBUG] MATCH Row 1: dDate Wed Jun 10 2026 is within 6 days of Sun Jun 07 2026 (Diff: 3)
[DEBUG] MATCH Row 1: dDate Thu Jun 11 2026 is within 6 days of Sun Jun 07 2026 (Diff: 4)
[DEBUG] MATCH Row 1: dDate Fri Jun 12 2026 is within 6 days of Sun Jun 07 2026 (Diff: 5)
[DEBUG] MATCH Row 1: dDate Sat Jun 13 2026 is within 6 days of Sun Jun 07 2026 (Diff: 6)
[DEBUG] Active Rows for Sun Jun 07 2026: 1
[DEBUG] MATCH Row 2: dDate Sun Jun 14 2026 is within 6 days of Sun Jun 14 2026 (Diff: 0)
[DEBUG] MATCH Row 2: dDate Mon Jun 15 2026 is within 6 days of Sun Jun 14 2026 (Diff: 1)
[DEBUG] MATCH Row 2: dDate Tue Jun 16 2026 is within 6 days of Sun Jun 14 2026 (Diff: 2)
[DEBUG] MATCH Row 2: dDate Wed Jun 17 2026 is within 6 days of Sun Jun 14 2026 (Diff: 3)
[DEBUG] MATCH Row 2: dDate Thu Jun 18 2026 is within 6 days of Sun Jun 14 2026 (Diff: 4)
[DEBUG] MATCH Row 2: dDate Fri Jun 19 2026 is within 6 days of Sun Jun 14 2026 (Diff: 5)
[DEBUG] MATCH Row 2: dDate Sat Jun 20 2026 is within 6 days of Sun Jun 14 2026 (Diff: 6)
[DEBUG] Active Rows for Sun Jun 14 2026: 2
[DEBUG] MATCH Row 3: dDate Sun Jun 21 2026 is within 6 days of Sun Jun 21 2026 (Diff: 0)
[DEBUG] MATCH Row 3: dDate Mon Jun 22 2026 is within 6 days of Sun Jun 21 2026 (Diff: 1)
[DEBUG] MATCH Row 3: dDate Tue Jun 23 2026 is within 6 days of Sun Jun 21 2026 (Diff: 2)
[DEBUG] MATCH Row 3: dDate Wed Jun 24 2026 is within 6 days of Sun Jun 21 2026 (Diff: 3)
[DEBUG] MATCH Row 3: dDate Thu Jun 25 2026 is within 6 days of Sun Jun 21 2026 (Diff: 4)
[DEBUG] MATCH Row 3: dDate Fri Jun 26 2026 is within 6 days of Sun Jun 21 2026 (Diff: 5)
[DEBUG] MATCH Row 3: dDate Sat Jun 27 2026 is within 6 days of Sun Jun 21 2026 (Diff: 6)
[DEBUG] Active Rows for Sun Jun 21 2026: 3
[DEBUG] MATCH Row 0: dDate Wed Jul 01 2026 is within 6 days of Sun Jun 28 2026 (Diff: 3)
[DEBUG] MATCH Row 0: dDate Thu Jul 02 2026 is within 6 days of Sun Jun 28 2026 (Diff: 4)
[DEBUG] MATCH Row 0: dDate Fri Jul 03 2026 is within 6 days of Sun Jun 28 2026 (Diff: 5)
[DEBUG] MATCH Row 0: dDate Sat Jul 04 2026 is within 6 days of Sun Jun 28 2026 (Diff: 6)
[DEBUG] Active Rows for Sun Jun 28 2026: 0
[DEBUG] MATCH Row 1: dDate Sun Jul 05 2026 is within 6 days of Sun Jul 05 2026 (Diff: 0)
[DEBUG] MATCH Row 1: dDate Mon Jul 06 2026 is within 6 days of Sun Jul 05 2026 (Diff: 1)
[DEBUG] MATCH Row 1: dDate Tue Jul 07 2026 is within 6 days of Sun Jul 05 2026 (Diff: 2)
[DEBUG] MATCH Row 1: dDate Wed Jul 08 2026 is within 6 days of Sun Jul 05 2026 (Diff: 3)
[DEBUG] MATCH Row 1: dDate Thu Jul 09 2026 is within 6 days of Sun Jul 05 2026 (Diff: 4)
[DEBUG] MATCH Row 1: dDate Fri Jul 10 2026 is within 6 days of Sun Jul 05 2026 (Diff: 5)
[DEBUG] MATCH Row 1: dDate Sat Jul 11 2026 is within 6 days of Sun Jul 05 2026 (Diff: 6)
[DEBUG] Active Rows for Sun Jul 05 2026: 1
[DEBUG] MATCH Row 2: dDate Sun Jul 12 2026 is within 6 days of Sun Jul 12 2026 (Diff: 0)
[DEBUG] MATCH Row 2: dDate Mon Jul 13 2026 is within 6 days of Sun Jul 12 2026 (Diff: 1)
[DEBUG] MATCH Row 2: dDate Tue Jul 14 2026 is within 6 days of Sun Jul 12 2026 (Diff: 2)
[DEBUG] MATCH Row 2: dDate Wed Jul 15 2026 is within 6 days of Sun Jul 12 2026 (Diff: 3)
[DEBUG] MATCH Row 2: dDate Thu Jul 16 2026 is within 6 days of Sun Jul 12 2026 (Diff: 4)
[DEBUG] MATCH Row 2: dDate Fri Jul 17 2026 is within 6 days of Sun Jul 12 2026 (Diff: 5)
[DEBUG] MATCH Row 2: dDate Sat Jul 18 2026 is within 6 days of Sun Jul 12 2026 (Diff: 6)
[DEBUG] Active Rows for Sun Jul 12 2026: 2
[DEBUG] MATCH Row 3: dDate Sun Jul 19 2026 is within 6 days of Sun Jul 19 2026 (Diff: 0)
[DEBUG] MATCH Row 3: dDate Mon Jul 20 2026 is within 6 days of Sun Jul 19 2026 (Diff: 1)
[DEBUG] MATCH Row 3: dDate Tue Jul 21 2026 is within 6 days of Sun Jul 19 2026 (Diff: 2)
[DEBUG] MATCH Row 3: dDate Wed Jul 22 2026 is within 6 days of Sun Jul 19 2026 (Diff: 3)
[DEBUG] MATCH Row 3: dDate Thu Jul 23 2026 is within 6 days of Sun Jul 19 2026 (Diff: 4)
[DEBUG] MATCH Row 3: dDate Fri Jul 24 2026 is within 6 days of Sun Jul 19 2026 (Diff: 5)
[DEBUG] MATCH Row 3: dDate Sat Jul 25 2026 is within 6 days of Sun Jul 19 2026 (Diff: 6)
[DEBUG] Active Rows for Sun Jul 19 2026: 3
[DEBUG] MATCH Row 4: dDate Sun Jul 26 2026 is within 6 days of Sun Jul 26 2026 (Diff: 0)
[DEBUG] MATCH Row 4: dDate Mon Jul 27 2026 is within 6 days of Sun Jul 26 2026 (Diff: 1)
[DEBUG] MATCH Row 4: dDate Tue Jul 28 2026 is within 6 days of Sun Jul 26 2026 (Diff: 2)
[DEBUG] MATCH Row 4: dDate Wed Jul 29 2026 is within 6 days of Sun Jul 26 2026 (Diff: 3)
[DEBUG] MATCH Row 4: dDate Thu Jul 30 2026 is within 6 days of Sun Jul 26 2026 (Diff: 4)
[DEBUG] MATCH Row 4: dDate Fri Jul 31 2026 is within 6 days of Sun Jul 26 2026 (Diff: 5)
[DEBUG] Active Rows for Sun Jul 26 2026: 4
[DEBUG] MATCH Row 1: dDate Sun Aug 02 2026 is within 6 days of Sun Aug 02 2026 (Diff: 0)
[DEBUG] MATCH Row 1: dDate Mon Aug 03 2026 is within 6 days of Sun Aug 02 2026 (Diff: 1)
[DEBUG] MATCH Row 1: dDate Tue Aug 04 2026 is within 6 days of Sun Aug 02 2026 (Diff: 2)
[DEBUG] MATCH Row 1: dDate Wed Aug 05 2026 is within 6 days of Sun Aug 02 2026 (Diff: 3)
[DEBUG] MATCH Row 1: dDate Thu Aug 06 2026 is within 6 days of Sun Aug 02 2026 (Diff: 4)
[DEBUG] MATCH Row 1: dDate Fri Aug 07 2026 is within 6 days of Sun Aug 02 2026 (Diff: 5)
[DEBUG] MATCH Row 1: dDate Sat Aug 08 2026 is within 6 days of Sun Aug 02 2026 (Diff: 6)
[DEBUG] Active Rows for Sun Aug 02 2026: 1
[DEBUG] MATCH Row 2: dDate Sun Aug 09 2026 is within 6 days of Sun Aug 09 2026 (Diff: 0)
[DEBUG] MATCH Row 2: dDate Mon Aug 10 2026 is within 6 days of Sun Aug 09 2026 (Diff: 1)
[DEBUG] MATCH Row 2: dDate Tue Aug 11 2026 is within 6 days of Sun Aug 09 2026 (Diff: 2)
[DEBUG] MATCH Row 2: dDate Wed Aug 12 2026 is within 6 days of Sun Aug 09 2026 (Diff: 3)
[DEBUG] MATCH Row 2: dDate Thu Aug 13 2026 is within 6 days of Sun Aug 09 2026 (Diff: 4)
[DEBUG] MATCH Row 2: dDate Fri Aug 14 2026 is within 6 days of Sun Aug 09 2026 (Diff: 5)
[DEBUG] MATCH Row 2: dDate Sat Aug 15 2026 is within 6 days of Sun Aug 09 2026 (Diff: 6)
[DEBUG] Active Rows for Sun Aug 09 2026: 2
[DEBUG] MATCH Row 3: dDate Sun Aug 16 2026 is within 6 days of Sun Aug 16 2026 (Diff: 0)
[DEBUG] MATCH Row 3: dDate Mon Aug 17 2026 is within 6 days of Sun Aug 16 2026 (Diff: 1)
[DEBUG] MATCH Row 3: dDate Tue Aug 18 2026 is within 6 days of Sun Aug 16 2026 (Diff: 2)
[DEBUG] MATCH Row 3: dDate Wed Aug 19 2026 is within 6 days of Sun Aug 16 2026 (Diff: 3)
[DEBUG] MATCH Row 3: dDate Thu Aug 20 2026 is within 6 days of Sun Aug 16 2026 (Diff: 4)
[DEBUG] MATCH Row 3: dDate Fri Aug 21 2026 is within 6 days of Sun Aug 16 2026 (Diff: 5)
[DEBUG] MATCH Row 3: dDate Sat Aug 22 2026 is within 6 days of Sun Aug 16 2026 (Diff: 6)
[DEBUG] Active Rows for Sun Aug 16 2026: 3
[DEBUG] MATCH Row 4: dDate Sun Aug 23 2026 is within 6 days of Sun Aug 23 2026 (Diff: 0)
[DEBUG] MATCH Row 4: dDate Mon Aug 24 2026 is within 6 days of Sun Aug 23 2026 (Diff: 1)
[DEBUG] MATCH Row 4: dDate Tue Aug 25 2026 is within 6 days of Sun Aug 23 2026 (Diff: 2)
[DEBUG] MATCH Row 4: dDate Wed Aug 26 2026 is within 6 days of Sun Aug 23 2026 (Diff: 3)
[DEBUG] MATCH Row 4: dDate Thu Aug 27 2026 is within 6 days of Sun Aug 23 2026 (Diff: 4)
[DEBUG] MATCH Row 4: dDate Fri Aug 28 2026 is within 6 days of Sun Aug 23 2026 (Diff: 5)
[DEBUG] MATCH Row 4: dDate Sat Aug 29 2026 is within 6 days of Sun Aug 23 2026 (Diff: 6)
[DEBUG] Active Rows for Sun Aug 23 2026: 4
[DEBUG] MATCH Row 0: dDate Tue Sep 01 2026 is within 6 days of Sun Aug 30 2026 (Diff: 2)
[DEBUG] MATCH Row 0: dDate Wed Sep 02 2026 is within 6 days of Sun Aug 30 2026 (Diff: 3)
[DEBUG] MATCH Row 0: dDate Thu Sep 03 2026 is within 6 days of Sun Aug 30 2026 (Diff: 4)
[DEBUG] MATCH Row 0: dDate Fri Sep 04 2026 is within 6 days of Sun Aug 30 2026 (Diff: 5)
[DEBUG] MATCH Row 0: dDate Sat Sep 05 2026 is within 6 days of Sun Aug 30 2026 (Diff: 6)
[DEBUG] Active Rows for Sun Aug 30 2026: 0
[DEBUG] MATCH Row 1: dDate Sun Sep 06 2026 is within 6 days of Sun Sep 06 2026 (Diff: 0)
[DEBUG] MATCH Row 1: dDate Mon Sep 07 2026 is within 6 days of Sun Sep 06 2026 (Diff: 1)
[DEBUG] MATCH Row 1: dDate Tue Sep 08 2026 is within 6 days of Sun Sep 06 2026 (Diff: 2)
[DEBUG] MATCH Row 1: dDate Wed Sep 09 2026 is within 6 days of Sun Sep 06 2026 (Diff: 3)
[DEBUG] MATCH Row 1: dDate Thu Sep 10 2026 is within 6 days of Sun Sep 06 2026 (Diff: 4)
[DEBUG] MATCH Row 1: dDate Fri Sep 11 2026 is within 6 days of Sun Sep 06 2026 (Diff: 5)
[DEBUG] MATCH Row 1: dDate Sat Sep 12 2026 is within 6 days of Sun Sep 06 2026 (Diff: 6)
[DEBUG] Active Rows for Sun Sep 06 2026: 1
[DEBUG] MATCH Row 2: dDate Sun Sep 13 2026 is within 6 days of Sun Sep 13 2026 (Diff: 0)
[DEBUG] MATCH Row 2: dDate Mon Sep 14 2026 is within 6 days of Sun Sep 13 2026 (Diff: 1)
[DEBUG] MATCH Row 2: dDate Tue Sep 15 2026 is within 6 days of Sun Sep 13 2026 (Diff: 2)
[DEBUG] MATCH Row 2: dDate Wed Sep 16 2026 is within 6 days of Sun Sep 13 2026 (Diff: 3)
[DEBUG] MATCH Row 2: dDate Thu Sep 17 2026 is within 6 days of Sun Sep 13 2026 (Diff: 4)
[DEBUG] MATCH Row 2: dDate Fri Sep 18 2026 is within 6 days of Sun Sep 13 2026 (Diff: 5)
[DEBUG] MATCH Row 2: dDate Sat Sep 19 2026 is within 6 days of Sun Sep 13 2026 (Diff: 6)
[DEBUG] Active Rows for Sun Sep 13 2026: 2
[DEBUG] MATCH Row 3: dDate Sun Sep 20 2026 is within 6 days of Sun Sep 20 2026 (Diff: 0)
[DEBUG] MATCH Row 3: dDate Mon Sep 21 2026 is within 6 days of Sun Sep 20 2026 (Diff: 1)
[DEBUG] MATCH Row 3: dDate Tue Sep 22 2026 is within 6 days of Sun Sep 20 2026 (Diff: 2)
[DEBUG] MATCH Row 3: dDate Wed Sep 23 2026 is within 6 days of Sun Sep 20 2026 (Diff: 3)
[DEBUG] MATCH Row 3: dDate Thu Sep 24 2026 is within 6 days of Sun Sep 20 2026 (Diff: 4)
[DEBUG] MATCH Row 3: dDate Fri Sep 25 2026 is within 6 days of Sun Sep 20 2026 (Diff: 5)
[DEBUG] MATCH Row 3: dDate Sat Sep 26 2026 is within 6 days of Sun Sep 20 2026 (Diff: 6)
[DEBUG] Active Rows for Sun Sep 20 2026: 3
[DEBUG] MATCH Row 4: dDate Sun Sep 27 2026 is within 6 days of Sun Sep 27 2026 (Diff: 0)
[DEBUG] MATCH Row 4: dDate Mon Sep 28 2026 is within 6 days of Sun Sep 27 2026 (Diff: 1)
[DEBUG] MATCH Row 4: dDate Tue Sep 29 2026 is within 6 days of Sun Sep 27 2026 (Diff: 2)
[DEBUG] MATCH Row 4: dDate Wed Sep 30 2026 is within 6 days of Sun Sep 27 2026 (Diff: 3)
[DEBUG] Active Rows for Sun Sep 27 2026: 4
[DEBUG] MATCH Row 1: dDate Sun Oct 04 2026 is within 6 days of Sun Oct 04 2026 (Diff: 0)
[DEBUG] MATCH Row 1: dDate Mon Oct 05 2026 is within 6 days of Sun Oct 04 2026 (Diff: 1)
[DEBUG] MATCH Row 1: dDate Tue Oct 06 2026 is within 6 days of Sun Oct 04 2026 (Diff: 2)
[DEBUG] MATCH Row 1: dDate Wed Oct 07 2026 is within 6 days of Sun Oct 04 2026 (Diff: 3)
[DEBUG] MATCH Row 1: dDate Thu Oct 08 2026 is within 6 days of Sun Oct 04 2026 (Diff: 4)
[DEBUG] MATCH Row 1: dDate Fri Oct 09 2026 is within 6 days of Sun Oct 04 2026 (Diff: 5)
[DEBUG] MATCH Row 1: dDate Sat Oct 10 2026 is within 6 days of Sun Oct 04 2026 (Diff: 6)
[DEBUG] Active Rows for Sun Oct 04 2026: 1
[DEBUG] MATCH Row 2: dDate Sun Oct 11 2026 is within 6 days of Sun Oct 11 2026 (Diff: 0)
[DEBUG] MATCH Row 2: dDate Mon Oct 12 2026 is within 6 days of Sun Oct 11 2026 (Diff: 1)
[DEBUG] MATCH Row 2: dDate Tue Oct 13 2026 is within 6 days of Sun Oct 11 2026 (Diff: 2)
[DEBUG] MATCH Row 2: dDate Wed Oct 14 2026 is within 6 days of Sun Oct 11 2026 (Diff: 3)
[DEBUG] MATCH Row 2: dDate Thu Oct 15 2026 is within 6 days of Sun Oct 11 2026 (Diff: 4)
[DEBUG] MATCH Row 2: dDate Fri Oct 16 2026 is within 6 days of Sun Oct 11 2026 (Diff: 5)
[DEBUG] MATCH Row 2: dDate Sat Oct 17 2026 is within 6 days of Sun Oct 11 2026 (Diff: 6)
[DEBUG] Active Rows for Sun Oct 11 2026: 2
[DEBUG] MATCH Row 3: dDate Sun Oct 18 2026 is within 6 days of Sun Oct 18 2026 (Diff: 0)
[DEBUG] MATCH Row 3: dDate Mon Oct 19 2026 is within 6 days of Sun Oct 18 2026 (Diff: 1)
[DEBUG] MATCH Row 3: dDate Tue Oct 20 2026 is within 6 days of Sun Oct 18 2026 (Diff: 2)
[DEBUG] MATCH Row 3: dDate Wed Oct 21 2026 is within 6 days of Sun Oct 18 2026 (Diff: 3)
[DEBUG] MATCH Row 3: dDate Thu Oct 22 2026 is within 6 days of Sun Oct 18 2026 (Diff: 4)
[DEBUG] MATCH Row 3: dDate Fri Oct 23 2026 is within 6 days of Sun Oct 18 2026 (Diff: 5)
[DEBUG] MATCH Row 3: dDate Sat Oct 24 2026 is within 6 days of Sun Oct 18 2026 (Diff: 6)
[DEBUG] Active Rows for Sun Oct 18 2026: 3
[DEBUG] MATCH Row 4: dDate Sun Oct 25 2026 is within 6 days of Sun Oct 25 2026 (Diff: 0)
[DEBUG] MATCH Row 4: dDate Mon Oct 26 2026 is within 6 days of Sun Oct 25 2026 (Diff: 1)
[DEBUG] MATCH Row 4: dDate Tue Oct 27 2026 is within 6 days of Sun Oct 25 2026 (Diff: 2)
[DEBUG] MATCH Row 4: dDate Wed Oct 28 2026 is within 6 days of Sun Oct 25 2026 (Diff: 3)
[DEBUG] MATCH Row 4: dDate Thu Oct 29 2026 is within 6 days of Sun Oct 25 2026 (Diff: 4)
[DEBUG] MATCH Row 4: dDate Fri Oct 30 2026 is within 6 days of Sun Oct 25 2026 (Diff: 5)
[DEBUG] MATCH Row 4: dDate Sat Oct 31 2026 is within 6 days of Sun Oct 25 2026 (Diff: 6)
[DEBUG] Active Rows for Sun Oct 25 2026: 4
[DEBUG] MATCH Row 0: dDate Sun Nov 01 2026 is within 6 days of Sun Nov 01 2026 (Diff: 0)
[DEBUG] MATCH Row 0: dDate Mon Nov 02 2026 is within 6 days of Sun Nov 01 2026 (Diff: 1)
[DEBUG] MATCH Row 0: dDate Tue Nov 03 2026 is within 6 days of Sun Nov 01 2026 (Diff: 2)
[DEBUG] MATCH Row 0: dDate Wed Nov 04 2026 is within 6 days of Sun Nov 01 2026 (Diff: 3)
[DEBUG] MATCH Row 0: dDate Thu Nov 05 2026 is within 6 days of Sun Nov 01 2026 (Diff: 4)
[DEBUG] MATCH Row 0: dDate Fri Nov 06 2026 is within 6 days of Sun Nov 01 2026 (Diff: 5)
[DEBUG] MATCH Row 0: dDate Sat Nov 07 2026 is within 6 days of Sun Nov 01 2026 (Diff: 6)
[DEBUG] Active Rows for Sun Nov 01 2026: 0
[DEBUG] MATCH Row 1: dDate Sun Nov 08 2026 is within 6 days of Sun Nov 08 2026 (Diff: 0)
[DEBUG] MATCH Row 1: dDate Mon Nov 09 2026 is within 6 days of Sun Nov 08 2026 (Diff: 1)
[DEBUG] MATCH Row 1: dDate Tue Nov 10 2026 is within 6 days of Sun Nov 08 2026 (Diff: 2)
[DEBUG] MATCH Row 1: dDate Wed Nov 11 2026 is within 6 days of Sun Nov 08 2026 (Diff: 3)
[DEBUG] MATCH Row 1: dDate Thu Nov 12 2026 is within 6 days of Sun Nov 08 2026 (Diff: 4)
[DEBUG] MATCH Row 1: dDate Fri Nov 13 2026 is within 6 days of Sun Nov 08 2026 (Diff: 5)
[DEBUG] MATCH Row 1: dDate Sat Nov 14 2026 is within 6 days of Sun Nov 08 2026 (Diff: 6)
[DEBUG] Active Rows for Sun Nov 08 2026: 1
[DEBUG] MATCH Row 2: dDate Sun Nov 15 2026 is within 6 days of Sun Nov 15 2026 (Diff: 0)
[DEBUG] MATCH Row 2: dDate Mon Nov 16 2026 is within 6 days of Sun Nov 15 2026 (Diff: 1)
[DEBUG] MATCH Row 2: dDate Tue Nov 17 2026 is within 6 days of Sun Nov 15 2026 (Diff: 2)
[DEBUG] MATCH Row 2: dDate Wed Nov 18 2026 is within 6 days of Sun Nov 15 2026 (Diff: 3)
[DEBUG] MATCH Row 2: dDate Thu Nov 19 2026 is within 6 days of Sun Nov 15 2026 (Diff: 4)
[DEBUG] MATCH Row 2: dDate Fri Nov 20 2026 is within 6 days of Sun Nov 15 2026 (Diff: 5)
[DEBUG] MATCH Row 2: dDate Sat Nov 21 2026 is within 6 days of Sun Nov 15 2026 (Diff: 6)
[DEBUG] Active Rows for Sun Nov 15 2026: 2
[DEBUG] MATCH Row 3: dDate Sun Nov 22 2026 is within 6 days of Sun Nov 22 2026 (Diff: 0)
[DEBUG] MATCH Row 3: dDate Mon Nov 23 2026 is within 6 days of Sun Nov 22 2026 (Diff: 1)
[DEBUG] MATCH Row 3: dDate Tue Nov 24 2026 is within 6 days of Sun Nov 22 2026 (Diff: 2)
[DEBUG] MATCH Row 3: dDate Wed Nov 25 2026 is within 6 days of Sun Nov 22 2026 (Diff: 3)
[DEBUG] MATCH Row 3: dDate Thu Nov 26 2026 is within 6 days of Sun Nov 22 2026 (Diff: 4)
[DEBUG] MATCH Row 3: dDate Fri Nov 27 2026 is within 6 days of Sun Nov 22 2026 (Diff: 5)
[DEBUG] MATCH Row 3: dDate Sat Nov 28 2026 is within 6 days of Sun Nov 22 2026 (Diff: 6)
[DEBUG] Active Rows for Sun Nov 22 2026: 3
[DEBUG] MATCH Row 0: dDate Tue Dec 01 2026 is within 6 days of Sun Nov 29 2026 (Diff: 2)
[DEBUG] MATCH Row 0: dDate Wed Dec 02 2026 is within 6 days of Sun Nov 29 2026 (Diff: 3)
[DEBUG] MATCH Row 0: dDate Thu Dec 03 2026 is within 6 days of Sun Nov 29 2026 (Diff: 4)
[DEBUG] MATCH Row 0: dDate Fri Dec 04 2026 is within 6 days of Sun Nov 29 2026 (Diff: 5)
[DEBUG] MATCH Row 0: dDate Sat Dec 05 2026 is within 6 days of Sun Nov 29 2026 (Diff: 6)
[DEBUG] Active Rows for Sun Nov 29 2026: 0
[DEBUG] MATCH Row 1: dDate Sun Dec 06 2026 is within 6 days of Sun Dec 06 2026 (Diff: 0)
[DEBUG] MATCH Row 1: dDate Mon Dec 07 2026 is within 6 days of Sun Dec 06 2026 (Diff: 1)
[DEBUG] MATCH Row 1: dDate Tue Dec 08 2026 is within 6 days of Sun Dec 06 2026 (Diff: 2)
[DEBUG] MATCH Row 1: dDate Wed Dec 09 2026 is within 6 days of Sun Dec 06 2026 (Diff: 3)
[DEBUG] MATCH Row 1: dDate Thu Dec 10 2026 is within 6 days of Sun Dec 06 2026 (Diff: 4)
[DEBUG] MATCH Row 1: dDate Fri Dec 11 2026 is within 6 days of Sun Dec 06 2026 (Diff: 5)
[DEBUG] MATCH Row 1: dDate Sat Dec 12 2026 is within 6 days of Sun Dec 06 2026 (Diff: 6)
[DEBUG] Active Rows for Sun Dec 06 2026: 1
[DEBUG] MATCH Row 2: dDate Sun Dec 13 2026 is within 6 days of Sun Dec 13 2026 (Diff: 0)
[DEBUG] MATCH Row 2: dDate Mon Dec 14 2026 is within 6 days of Sun Dec 13 2026 (Diff: 1)
[DEBUG] MATCH Row 2: dDate Tue Dec 15 2026 is within 6 days of Sun Dec 13 2026 (Diff: 2)
[DEBUG] MATCH Row 2: dDate Wed Dec 16 2026 is within 6 days of Sun Dec 13 2026 (Diff: 3)
[DEBUG] MATCH Row 2: dDate Thu Dec 17 2026 is within 6 days of Sun Dec 13 2026 (Diff: 4)
[DEBUG] MATCH Row 2: dDate Fri Dec 18 2026 is within 6 days of Sun Dec 13 2026 (Diff: 5)
[DEBUG] MATCH Row 2: dDate Sat Dec 19 2026 is within 6 days of Sun Dec 13 2026 (Diff: 6)
[DEBUG] Active Rows for Sun Dec 13 2026: 2
[DEBUG] MATCH Row 3: dDate Sun Dec 20 2026 is within 6 days of Sun Dec 20 2026 (Diff: 0)
[DEBUG] MATCH Row 3: dDate Mon Dec 21 2026 is within 6 days of Sun Dec 20 2026 (Diff: 1)
[DEBUG] MATCH Row 3: dDate Tue Dec 22 2026 is within 6 days of Sun Dec 20 2026 (Diff: 2)
[DEBUG] MATCH Row 3: dDate Wed Dec 23 2026 is within 6 days of Sun Dec 20 2026 (Diff: 3)
[DEBUG] MATCH Row 3: dDate Thu Dec 24 2026 is within 6 days of Sun Dec 20 2026 (Diff: 4)
[DEBUG] MATCH Row 3: dDate Fri Dec 25 2026 is within 6 days of Sun Dec 20 2026 (Diff: 5)
[DEBUG] MATCH Row 3: dDate Sat Dec 26 2026 is within 6 days of Sun Dec 20 2026 (Diff: 6)
[DEBUG] Active Rows for Sun Dec 20 2026: 3
[DEBUG] MATCH Row 4: dDate Sun Dec 27 2026 is within 6 days of Sun Dec 27 2026 (Diff: 0)
[DEBUG] MATCH Row 4: dDate Mon Dec 28 2026 is within 6 days of Sun Dec 27 2026 (Diff: 1)
[DEBUG] MATCH Row 4: dDate Tue Dec 29 2026 is within 6 days of Sun Dec 27 2026 (Diff: 2)
[DEBUG] MATCH Row 4: dDate Wed Dec 30 2026 is within 6 days of Sun Dec 27 2026 (Diff: 3)
[DEBUG] MATCH Row 4: dDate Thu Dec 31 2026 is within 6 days of Sun Dec 27 2026 (Diff: 4)
[DEBUG] Active Rows for Sun Dec 27 2026: 4
[DEBUG] MATCH Row 4: dDate Sun Dec 27 2026 is within 6 days of Sun Dec 27 2026 (Diff: 0)
[DEBUG] MATCH Row 4: dDate Mon Dec 28 2026 is within 6 days of Sun Dec 27 2026 (Diff: 1)
[DEBUG] MATCH Row 4: dDate Tue Dec 29 2026 is within 6 days of Sun Dec 27 2026 (Diff: 2)
[DEBUG] MATCH Row 4: dDate Wed Dec 30 2026 is within 6 days of Sun Dec 27 2026 (Diff: 3)
[DEBUG] MATCH Row 4: dDate Thu Dec 31 2026 is within 6 days of Sun Dec 27 2026 (Diff: 4)
[DEBUG] Active Rows for Sun Dec 27 2026: 4
[DEBUG] MATCH Row 1: dDate Sun Jan 03 2027 is within 6 days of Sun Jan 03 2027 (Diff: 0)
[DEBUG] MATCH Row 1: dDate Mon Jan 04 2027 is within 6 days of Sun Jan 03 2027 (Diff: 1)
[DEBUG] MATCH Row 1: dDate Tue Jan 05 2027 is within 6 days of Sun Jan 03 2027 (Diff: 2)
[DEBUG] MATCH Row 1: dDate Wed Jan 06 2027 is within 6 days of Sun Jan 03 2027 (Diff: 3)
[DEBUG] MATCH Row 1: dDate Thu Jan 07 2027 is within 6 days of Sun Jan 03 2027 (Diff: 4)
[DEBUG] MATCH Row 1: dDate Fri Jan 08 2027 is within 6 days of Sun Jan 03 2027 (Diff: 5)
[DEBUG] MATCH Row 1: dDate Sat Jan 09 2027 is within 6 days of Sun Jan 03 2027 (Diff: 6)
[DEBUG] Active Rows for Sun Jan 03 2027: 1
[DEBUG] MATCH Row 2: dDate Sun Jan 10 2027 is within 6 days of Sun Jan 10 2027 (Diff: 0)
[DEBUG] MATCH Row 2: dDate Mon Jan 11 2027 is within 6 days of Sun Jan 10 2027 (Diff: 1)
[DEBUG] MATCH Row 2: dDate Tue Jan 12 2027 is within 6 days of Sun Jan 10 2027 (Diff: 2)
[DEBUG] MATCH Row 2: dDate Wed Jan 13 2027 is within 6 days of Sun Jan 10 2027 (Diff: 3)
[DEBUG] MATCH Row 2: dDate Thu Jan 14 2027 is within 6 days of Sun Jan 10 2027 (Diff: 4)
[DEBUG] MATCH Row 2: dDate Fri Jan 15 2027 is within 6 days of Sun Jan 10 2027 (Diff: 5)
[DEBUG] MATCH Row 2: dDate Sat Jan 16 2027 is within 6 days of Sun Jan 10 2027 (Diff: 6)
[DEBUG] Active Rows for Sun Jan 10 2027: 2
[DEBUG] MATCH Row 3: dDate Sun Jan 17 2027 is within 6 days of Sun Jan 17 2027 (Diff: 0)
[DEBUG] MATCH Row 3: dDate Mon Jan 18 2027 is within 6 days of Sun Jan 17 2027 (Diff: 1)
[DEBUG] MATCH Row 3: dDate Tue Jan 19 2027 is within 6 days of Sun Jan 17 2027 (Diff: 2)
[DEBUG] MATCH Row 3: dDate Wed Jan 20 2027 is within 6 days of Sun Jan 17 2027 (Diff: 3)
[DEBUG] MATCH Row 3: dDate Thu Jan 21 2027 is within 6 days of Sun Jan 17 2027 (Diff: 4)
[DEBUG] MATCH Row 3: dDate Fri Jan 22 2027 is within 6 days of Sun Jan 17 2027 (Diff: 5)
[DEBUG] MATCH Row 3: dDate Sat Jan 23 2027 is within 6 days of Sun Jan 17 2027 (Diff: 6)
[DEBUG] Active Rows for Sun Jan 17 2027: 3
[DEBUG] MATCH Row 4: dDate Sun Jan 24 2027 is within 6 days of Sun Jan 24 2027 (Diff: 0)
[DEBUG] MATCH Row 4: dDate Mon Jan 25 2027 is within 6 days of Sun Jan 24 2027 (Diff: 1)
[DEBUG] MATCH Row 4: dDate Tue Jan 26 2027 is within 6 days of Sun Jan 24 2027 (Diff: 2)
[DEBUG] MATCH Row 4: dDate Wed Jan 27 2027 is within 6 days of Sun Jan 24 2027 (Diff: 3)
[DEBUG] MATCH Row 4: dDate Thu Jan 28 2027 is within 6 days of Sun Jan 24 2027 (Diff: 4)
[DEBUG] MATCH Row 4: dDate Fri Jan 29 2027 is within 6 days of Sun Jan 24 2027 (Diff: 5)
[DEBUG] MATCH Row 4: dDate Sat Jan 30 2027 is within 6 days of Sun Jan 24 2027 (Diff: 6)
[DEBUG] Active Rows for Sun Jan 24 2027: 4
[DEBUG] MATCH Row 0: dDate Mon Feb 01 2027 is within 6 days of Sun Jan 31 2027 (Diff: 1)
[DEBUG] MATCH Row 0: dDate Tue Feb 02 2027 is within 6 days of Sun Jan 31 2027 (Diff: 2)
[DEBUG] MATCH Row 0: dDate Wed Feb 03 2027 is within 6 days of Sun Jan 31 2027 (Diff: 3)
[DEBUG] MATCH Row 0: dDate Thu Feb 04 2027 is within 6 days of Sun Jan 31 2027 (Diff: 4)
[DEBUG] MATCH Row 0: dDate Fri Feb 05 2027 is within 6 days of Sun Jan 31 2027 (Diff: 5)
[DEBUG] MATCH Row 0: dDate Sat Feb 06 2027 is within 6 days of Sun Jan 31 2027 (Diff: 6)
[DEBUG] Active Rows for Sun Jan 31 2027: 0
[DEBUG] MATCH Row 0: dDate Thu Jan 01 2026 is within 6 days of Mon Dec 29 2025 (Diff: 3)
[DEBUG] MATCH Row 0: dDate Fri Jan 02 2026 is within 6 days of Mon Dec 29 2025 (Diff: 4)
[DEBUG] MATCH Row 0: dDate Sat Jan 03 2026 is within 6 days of Mon Dec 29 2025 (Diff: 5)
[DEBUG] MATCH Row 0: dDate Sun Jan 04 2026 is within 6 days of Mon Dec 29 2025 (Diff: 6)
[DEBUG] Active Rows for Mon Dec 29 2025: 0
